<?xml version="1.0" encoding="UTF-8"?>
<testsuite xmlns:xsi="http://www.w3.org/2001/XMLSchema-instance" xsi:noNamespaceSchemaLocation="https://maven.apache.org/surefire/maven-surefire-plugin/xsd/surefire-test-report-3.0.xsd" version="3.0" name="si.um.feri.userservice.UserServiceApplicationTests" time="43.065" tests="1" errors="0" skipped="0" failures="0">
  <properties>
[...]
</properties>
  <testcase name="contextLoads" classname="si.um.feri.userservice.UserServiceApplicationTests" time="0.023">
    <system-out><![CDATA[16:43:20.859 [main] INFO org.springframework.test.context.support.AnnotationConfigContextLoaderUtils -- Could not detect default configuration classes for test class [si.um.feri.userservice.UserServiceApplicationTests]: UserServiceApplicationTests does not declare any static, non-private, non-final, nested classes annotated with @Configuration.
16:43:21.298 [main] INFO org.springframework.boot.test.context.SpringBootTestContextBootstrapper -- Found @SpringBootConfiguration si.um.feri.userservice.UserServiceApplication for test class si.um.feri.userservice.UserServiceApplicationTests

  .   ____          _            __ _ _
 /\\ / ___'_ __ _ _(_)_ __  __ _ \ \ \ \
( ( )\___ | '_ | '_| | '_ \/ _` | \ \ \ \
 \\/  ___)| |_)| | | | | || (_| |  ) ) ) )
  '  |____| .__|_| |_|_| |_\__, | / / / /
 =========|_|==============|___/=/_/_/_/

 :: Spring Boot ::                (v3.3.5)

2026-03-17 16:43:55.923 INFO  [no-request-id] [main] s.u.f.u.UserServiceApplicationTests - Starting UserServiceApplicationTests using Java 21.0.1 with PID 47796 (started by micko in /Users/micko/Desktop/itaproject/new-book-landing-system/services/user-service)
2026-03-17 16:43:55.924 DEBUG [no-request-id] [main] s.u.f.u.UserServiceApplicationTests - Running with Spring Boot v3.3.5, Spring v6.1.14
2026-03-17 16:43:55.924 INFO  [no-request-id] [main] s.u.f.u.UserServiceApplicationTests - No active profile set, falling back to 1 default profile: "default"
2026-03-17 16:43:57.824 INFO  [no-request-id] [main] o.s.d.r.c.RepositoryConfigurationDelegate - Bootstrapping Spring Data JPA repositories in DEFAULT mode.
2026-03-17 16:43:58.108 INFO  [no-request-id] [main] o.s.d.r.c.RepositoryConfigurationDelegate - Finished Spring Data repository scanning in 251 ms. Found 1 JPA repository interface.
2026-03-17 16:43:59.613 INFO  [no-request-id] [main] o.h.jpa.internal.util.LogHelper - HHH000204: Processing PersistenceUnitInfo [name: default]
2026-03-17 16:43:59.877 INFO  [no-request-id] [main] org.hibernate.Version - HHH000412: Hibernate ORM core version 6.5.3.Final
2026-03-17 16:43:59.993 INFO  [no-request-id] [main] o.h.c.i.RegionFactoryInitiator - HHH000026: Second-level cache disabled
2026-03-17 16:44:00.475 INFO  [no-request-id] [main] o.s.o.j.p.SpringPersistenceUnitInfo - No LoadTimeWeaver setup: ignoring JPA class transformer
2026-03-17 16:44:00.546 INFO  [no-request-id] [main] com.zaxxer.hikari.HikariDataSource - HikariPool-1 - Starting...
2026-03-17 16:44:00.926 INFO  [no-request-id] [main] com.zaxxer.hikari.pool.HikariPool - HikariPool-1 - Added connection conn0: url=jdbc:h2:mem:testdb user=SA
2026-03-17 16:44:00.930 INFO  [no-request-id] [main] com.zaxxer.hikari.HikariDataSource - HikariPool-1 - Start completed.
2026-03-17 16:44:02.096 INFO  [no-request-id] [main] o.h.e.t.j.p.i.JtaPlatformInitiator - HHH000489: No JTA platform available (set 'hibernate.transaction.jta.platform' to enable JTA platform integration)
2026-03-17 16:44:02.110 INFO  [no-request-id] [main] o.s.o.j.LocalContainerEntityManagerFactoryBean - Initialized JPA EntityManagerFactory for persistence unit 'default'
2026-03-17 16:44:03.103 INFO  [no-request-id] [main] n.d.b.g.s.a.GrpcServerFactoryAutoConfiguration - Detected grpc-netty-shaded: Creating ShadedNettyGrpcServerFactory
2026-03-17 16:44:03.557 INFO  [no-request-id] [main] n.d.b.g.s.s.AbstractGrpcServerFactory - Registered gRPC service: user.v1.UserService, bean: userGrpcService, class: si.um.feri.userservice.grpc.service.UserGrpcService
2026-03-17 16:44:03.558 INFO  [no-request-id] [main] n.d.b.g.s.s.AbstractGrpcServerFactory - Registered gRPC service: grpc.health.v1.Health, bean: grpcHealthService, class: io.grpc.protobuf.services.HealthServiceImpl
2026-03-17 16:44:03.558 INFO  [no-request-id] [main] n.d.b.g.s.s.AbstractGrpcServerFactory - Registered gRPC service: grpc.reflection.v1alpha.ServerReflection, bean: protoReflectionService, class: io.grpc.protobuf.services.ProtoReflectionService
2026-03-17 16:44:03.675 INFO  [no-request-id] [main] n.d.b.g.s.s.GrpcServerLifecycle - gRPC Server started, listening on address: *, port: 36996
2026-03-17 16:44:03.695 INFO  [no-request-id] [main] s.u.f.u.UserServiceApplicationTests - Started UserServiceApplicationTests in 42.218 seconds (process running for 47.841)
]]></system-out>
  </testcase>
</testsuite>