<?xml version="1.0" encoding="UTF-8"?>
<testsuite xmlns:xsi="http://www.w3.org/2001/XMLSchema-instance" xsi:noNamespaceSchemaLocation="https://maven.apache.org/surefire/maven-surefire-plugin/xsd/surefire-test-report-3.0.xsd" version="3.0" name="si.um.feri.userservice.grpc.service.UserGrpcServiceTest" time="3.269" tests="5" errors="0" skipped="0" failures="0">
  <properties>
[...]
</properties>
  <testcase name="registerUserShouldReturnUserId" classname="si.um.feri.userservice.grpc.service.UserGrpcServiceTest" time="2.986">
    <system-out><![CDATA[16:43:20.301 [main] INFO si.um.feri.userservice.grpc.service.UserGrpcService -- Handling RegisterUser request: email=author@example.com, role=AUTHOR
16:43:20.314 [main] INFO si.um.feri.userservice.grpc.service.UserGrpcService -- RegisterUser succeeded: userId=e71acf2e-2a22-4bef-b80a-27d2931c64c5
]]></system-out>
    <system-err><![CDATA[WARNING: A Java agent has been loaded dynamically (/Users/micko/.m2/repository/net/bytebuddy/byte-buddy-agent/1.14.19/byte-buddy-agent-1.14.19.jar)
WARNING: If a serviceability tool is in use, please run with -XX:+EnableDynamicAgentLoading to hide this warning
WARNING: If a serviceability tool is not in use, please run with -Djdk.instrument.traceUsage for more information
WARNING: Dynamic loading of agents will be disallowed by default in a future release
]]></system-err>
  </testcase>
  <testcase name="registerUserShouldReturnAlreadyExistsWhenEmailDuplicated" classname="si.um.feri.userservice.grpc.service.UserGrpcServiceTest" time="0.066">
    <system-out><![CDATA[16:43:20.519 [main] INFO si.um.feri.userservice.grpc.service.UserGrpcService -- Handling RegisterUser request: email=author@example.com, role=AUTHOR
16:43:20.521 [main] WARN si.um.feri.userservice.grpc.service.UserGrpcService -- gRPC request failed: User with email already exists: author@example.com
]]></system-out>
  </testcase>
  <testcase name="validateTokenShouldReturnValidResponse" classname="si.um.feri.userservice.grpc.service.UserGrpcServiceTest" time="0.04">
    <system-out><![CDATA[16:43:20.571 [main] INFO si.um.feri.userservice.grpc.service.UserGrpcService -- Handling ValidateToken request
16:43:20.580 [main] INFO si.um.feri.userservice.grpc.service.UserGrpcService -- ValidateToken finished: valid=true
]]></system-out>
  </testcase>
  <testcase name="authenticateUserShouldReturnToken" classname="si.um.feri.userservice.grpc.service.UserGrpcServiceTest" time="0.027">
    <system-out><![CDATA[16:43:20.611 [main] INFO si.um.feri.userservice.grpc.service.UserGrpcService -- Handling AuthenticateUser request: email=author@example.com
16:43:20.615 [main] INFO si.um.feri.userservice.grpc.service.UserGrpcService -- AuthenticateUser succeeded: email=author@example.com
]]></system-out>
  </testcase>
  <testcase name="getUserByIdShouldReturnNotFoundForUnknownUser" classname="si.um.feri.userservice.grpc.service.UserGrpcServiceTest" time="0.02">
    <system-out><![CDATA[16:43:20.640 [main] INFO si.um.feri.userservice.grpc.service.UserGrpcService -- Handling GetUserById request: userId=20ad698b-9310-43cc-b3a6-c4ea76c58893
16:43:20.641 [main] WARN si.um.feri.userservice.grpc.service.UserGrpcService -- gRPC request failed: User not found: 20ad698b-9310-43cc-b3a6-c4ea76c58893
]]></system-out>
  </testcase>
</testsuite>