<?xml version="1.0" encoding="UTF-8"?>
<testsuite xmlns:xsi="http://www.w3.org/2001/XMLSchema-instance" xsi:noNamespaceSchemaLocation="https://maven.apache.org/surefire/maven-surefire-plugin/xsd/surefire-test-report-3.0.xsd" version="3.0" name="si.um.feri.userservice.domain.repository.UserRepositoryTest" time="1.567" tests="1" errors="0" skipped="0" failures="0">
  <properties>
[...]
</properties>
  <testcase name="shouldSaveAndFindUserByEmail" classname="si.um.feri.userservice.domain.repository.UserRepositoryTest" time="0.318">
    <system-out><![CDATA[2026-03-17 16:44:04.579 INFO  [no-request-id] [main] o.s.t.c.s.AnnotationConfigContextLoaderUtils - Could not detect default configuration classes for test class [si.um.feri.userservice.domain.repository.UserRepositoryTest]: UserRepositoryTest does not declare any static, non-private, non-final, nested classes annotated with @Configuration.
2026-03-17 16:44:04.666 INFO  [no-request-id] [main] o.s.b.t.c.SpringBootTestContextBootstrapper - Found @SpringBootConfiguration si.um.feri.userservice.UserServiceApplication for test class si.um.feri.userservice.domain.repository.UserRepositoryTest

  .   ____          _            __ _ _
 /\\ / ___'_ __ _ _(_)_ __  __ _ \ \ \ \
( ( )\___ | '_ | '_| | '_ \/ _` | \ \ \ \
 \\/  ___)| |_)| | | | | || (_| |  ) ) ) )
  '  |____| .__|_| |_|_| |_\__, | / / / /
 =========|_|==============|___/=/_/_/_/

 :: Spring Boot ::                (v3.3.5)

2026-03-17 16:44:04.765 INFO  [no-request-id] [main] s.u.f.u.d.r.UserRepositoryTest - Starting UserRepositoryTest using Java 21.0.1 with PID 47796 (started by micko in /Users/micko/Desktop/itaproject/new-book-landing-system/services/user-service)
2026-03-17 16:44:04.766 DEBUG [no-request-id] [main] s.u.f.u.d.r.UserRepositoryTest - Running with Spring Boot v3.3.5, Spring v6.1.14
2026-03-17 16:44:04.766 INFO  [no-request-id] [main] s.u.f.u.d.r.UserRepositoryTest - No active profile set, falling back to 1 default profile: "default"
2026-03-17 16:44:05.031 INFO  [no-request-id] [main] o.s.d.r.c.RepositoryConfigurationDelegate - Bootstrapping Spring Data JPA repositories in DEFAULT mode.
2026-03-17 16:44:05.076 INFO  [no-request-id] [main] o.s.d.r.c.RepositoryConfigurationDelegate - Finished Spring Data repository scanning in 44 ms. Found 1 JPA repository interface.
2026-03-17 16:44:05.105 INFO  [no-request-id] [main] o.s.b.t.a.j.TestDatabaseAutoConfiguration$EmbeddedDataSourceBeanFactoryPostProcessor - Replacing 'dataSource' DataSource bean with embedded version
2026-03-17 16:44:05.158 INFO  [no-request-id] [main] o.s.j.d.e.EmbeddedDatabaseFactory - Starting embedded database: url='jdbc:h2:mem:2430d445-cd78-4709-badc-157e571a43f1;DB_CLOSE_DELAY=-1;DB_CLOSE_ON_EXIT=false', username='sa'
2026-03-17 16:44:05.218 INFO  [no-request-id] [main] o.h.jpa.internal.util.LogHelper - HHH000204: Processing PersistenceUnitInfo [name: default]
2026-03-17 16:44:05.223 INFO  [no-request-id] [main] o.h.c.i.RegionFactoryInitiator - HHH000026: Second-level cache disabled
2026-03-17 16:44:05.240 INFO  [no-request-id] [main] o.s.o.j.p.SpringPersistenceUnitInfo - No LoadTimeWeaver setup: ignoring JPA class transformer
2026-03-17 16:44:05.325 INFO  [no-request-id] [main] o.h.e.t.j.p.i.JtaPlatformInitiator - HHH000489: No JTA platform available (set 'hibernate.transaction.jta.platform' to enable JTA platform integration)
Hibernate: 
    drop table if exists users cascade 
Hibernate: 
    create table users (
        created_at timestamp(6) with time zone not null,
        updated_at timestamp(6) with time zone not null,
        id uuid not null,
        email varchar(255) not null unique,
        full_name varchar(255) not null,
        password_hash varchar(255) not null,
        role enum ('ADMIN','AUTHOR','PUBLISHER','READER') not null,
        primary key (id)
    )
2026-03-17 16:44:05.370 INFO  [no-request-id] [main] o.s.o.j.LocalContainerEntityManagerFactoryBean - Initialized JPA EntityManagerFactory for persistence unit 'default'
2026-03-17 16:44:05.733 INFO  [no-request-id] [main] s.u.f.u.d.r.UserRepositoryTest - Started UserRepositoryTest in 1.05 seconds (process running for 49.877)
Hibernate: 
    insert 
    into
        users
        (created_at, email, full_name, password_hash, role, updated_at, id) 
    values
        (?, ?, ?, ?, ?, ?, ?)
Hibernate: 
    select
        u1_0.id,
        u1_0.created_at,
        u1_0.email,
        u1_0.full_name,
        u1_0.password_hash,
        u1_0.role,
        u1_0.updated_at 
    from
        users u1_0 
    where
        u1_0.email=?
]]></system-out>
  </testcase>
</testsuite>